app/build/outputs/logs/manifest-merger-debug-report.txt
-- Merging decision tree log ---
manifest
ADDED from Kone\app\AndroidManifest.xml:3:1-99:12
INJECTED from Kone\app\AndroidManifest.xml:3:1-99:12
INJECTED from Kone\app\AndroidManifest.xml:3:1-99:12
MERGED from [:libs:SmartSync] AndroidManifest.xml:2:1-13:12
MERGED from [:libs:SmartStore] AndroidManifest.xml:2:1-20:12
MERGED from [:libs:SalesforceSDK] AndroidManifest.xml:2:1-148:12
MERGED from [:libs:SalesforceAnalytics] AndroidManifest.xml:2:1-16:12
MERGED from [com.android.support:design:27.1.0] AndroidManifest.xml:17:1-22:12
MERGED from [com.google.android.gms:play-services-gcm:11.0.2] AndroidManifest.xml:16:1-24:12
MERGED from [com.google.android.gms:play-services-iid:11.0.2] AndroidManifest.xml:16:1-24:12
MERGED from [com.google.android.gms:play-services-base:11.0.2] AndroidManifest.xml:16:1-21:12
MERGED from [com.google.android.gms:play-services-tasks:11.0.2] AndroidManifest.xml:2:1-5:12
MERGED from [com.google.android.gms:play-services-basement:11.0.2] AndroidManifest.xml:16:1-23:12
MERGED from [com.android.support:support-v4:27.1.0] AndroidManifest.xml:17:1-22:12
MERGED from [com.android.support:appcompat-v7:27.1.0] AndroidManifest.xml:17:1-22:12
MERGED from [com.android.support:recyclerview-v7:27.1.0] AndroidManifest.xml:17:1-22:12
MERGED from [com.android.support:transition:27.1.0] AndroidManifest.xml:17:1-22:12
MERGED from [net.zetetic:android-database-sqlcipher:3.5.7] AndroidManifest.xml:2:1-4:12
MERGED from [com.android.support:support-fragment:27.1.0] AndroidManifest.xml:17:1-22:12
MERGED from [com.android.support:animated-vector-drawable:27.1.0] AndroidManifest.xml:17:1-22:12
MERGED from [com.android.support:support-core-ui:27.1.0] AndroidManifest.xml:17:1-22:12
MERGED from [com.android.support:support-core-utils:27.1.0] AndroidManifest.xml:17:1-22:12
MERGED from [com.android.support:support-vector-drawable:27.1.0] AndroidManifest.xml:17:1-22:12
MERGED from [com.android.support:customtabs:25.2.0] AndroidManifest.xml:17:1-24:12
MERGED from [com.android.support:support-media-compat:27.1.0] AndroidManifest.xml:17:1-22:12
MERGED from [com.android.support:support-compat:27.1.0] AndroidManifest.xml:17:1-22:12
MERGED from [android.arch.lifecycle:runtime:1.1.0] AndroidManifest.xml:17:1-22:12
MERGED from [android.arch.lifecycle:livedata-core:1.1.0] AndroidManifest.xml:17:1-22:12
MERGED from [android.arch.lifecycle:viewmodel:1.1.0] AndroidManifest.xml:17:1-22:12
MERGED from [android.arch.core:runtime:1.1.0] AndroidManifest.xml:17:1-22:12
INJECTED from Kone\app\AndroidManifest.xml:3:1-99:12
INJECTED from Kone\app\AndroidManifest.xml:3:1-99:12
	package
		ADDED from Kone\app\AndroidManifest.xml:4:2-27
	android:versionName
		ADDED from Kone\app\AndroidManifest.xml:6:2-27
		INJECTED from Kone\app\AndroidManifest.xml
		INJECTED from Kone\app\AndroidManifest.xml
	xmlns:android
		ADDED from Kone\app\AndroidManifest.xml:3:11-69
	android:versionCode
		ADDED from Kone\app\AndroidManifest.xml:5:2-25
		INJECTED from Kone\app\AndroidManifest.xml
		INJECTED from Kone\app\AndroidManifest.xml
	android:installLocation
		ADDED from Kone\app\AndroidManifest.xml:7:2-40
application
ADDED from Kone\app\AndroidManifest.xml:9:2-85:16
MERGED from [:libs:SmartSync] AndroidManifest.xml:11:5-20
MERGED from [:libs:SmartSync] AndroidManifest.xml:11:5-20
MERGED from [:libs:SmartStore] AndroidManifest.xml:11:5-18:19
MERGED from [:libs:SmartStore] AndroidManifest.xml:11:5-18:19
MERGED from [:libs:SalesforceSDK] AndroidManifest.xml:21:5-146:19
MERGED from [:libs:SalesforceSDK] AndroidManifest.xml:21:5-146:19
MERGED from [:libs:SalesforceAnalytics] AndroidManifest.xml:14:5-20
MERGED from [:libs:SalesforceAnalytics] AndroidManifest.xml:14:5-20
MERGED from [com.google.android.gms:play-services-gcm:11.0.2] AndroidManifest.xml:23:5-19
MERGED from [com.google.android.gms:play-services-gcm:11.0.2] AndroidManifest.xml:23:5-19
MERGED from [com.google.android.gms:play-services-iid:11.0.2] AndroidManifest.xml:23:5-19
MERGED from [com.google.android.gms:play-services-iid:11.0.2] AndroidManifest.xml:23:5-19
MERGED from [com.google.android.gms:play-services-base:11.0.2] AndroidManifest.xml:18:5-20:19
MERGED from [com.google.android.gms:play-services-base:11.0.2] AndroidManifest.xml:18:5-20:19
MERGED from [com.google.android.gms:play-services-tasks:11.0.2] AndroidManifest.xml:4:5-19
MERGED from [com.google.android.gms:play-services-tasks:11.0.2] AndroidManifest.xml:4:5-19
MERGED from [com.google.android.gms:play-services-basement:11.0.2] AndroidManifest.xml:19:5-21:19
MERGED from [com.google.android.gms:play-services-basement:11.0.2] AndroidManifest.xml:19:5-21:19
MERGED from [com.android.support:customtabs:25.2.0] AndroidManifest.xml:22:5-20
MERGED from [com.android.support:customtabs:25.2.0] AndroidManifest.xml:22:5-20
	android:label
		ADDED from Kone\app\AndroidManifest.xml:10:6-38
	android:manageSpaceActivity
		ADDED from Kone\app\AndroidManifest.xml:12:3-81
	android:icon
		ADDED from Kone\app\AndroidManifest.xml:9:15-48
	android:name
		ADDED from Kone\app\AndroidManifest.xml:11:3-34
activity#com.kone.mobile.MainActivity
ADDED from Kone\app\AndroidManifest.xml:15:3-22:14
	android:label
		ADDED from Kone\app\AndroidManifest.xml:16:7-39
	android:theme
		ADDED from Kone\app\AndroidManifest.xml:17:4-62
	android:name
		ADDED from Kone\app\AndroidManifest.xml:15:13-41
intent-filter#android.intent.action.MAIN+android.intent.category.LAUNCHER
ADDED from Kone\app\AndroidManifest.xml:18:4-21:20
action#android.intent.action.MAIN
ADDED from Kone\app\AndroidManifest.xml:19:5-57
	android:name
		ADDED from Kone\app\AndroidManifest.xml:19:13-54
category#android.intent.category.LAUNCHER
ADDED from Kone\app\AndroidManifest.xml:20:5-65
	android:name
		ADDED from Kone\app\AndroidManifest.xml:20:15-62
uses-sdk
ADDED from Kone\app\AndroidManifest.xml:87:5-88:41
MERGED from [:libs:SmartSync] AndroidManifest.xml:7:5-9:41
MERGED from [:libs:SmartSync] AndroidManifest.xml:7:5-9:41
MERGED from [:libs:SmartStore] AndroidManifest.xml:7:5-9:41
MERGED from [:libs:SmartStore] AndroidManifest.xml:7:5-9:41
MERGED from [:libs:SalesforceSDK] AndroidManifest.xml:7:5-9:41
MERGED from [:libs:SalesforceSDK] AndroidManifest.xml:7:5-9:41
MERGED from [:libs:SalesforceAnalytics] AndroidManifest.xml:7:5-9:41
MERGED from [:libs:SalesforceAnalytics] AndroidManifest.xml:7:5-9:41
MERGED from [com.android.support:design:27.1.0] AndroidManifest.xml:20:5-44
MERGED from [com.android.support:design:27.1.0] AndroidManifest.xml:20:5-44
MERGED from [com.google.android.gms:play-services-gcm:11.0.2] AndroidManifest.xml:17:5-43
MERGED from [com.google.android.gms:play-services-gcm:11.0.2] AndroidManifest.xml:17:5-43
MERGED from [com.google.android.gms:play-services-iid:11.0.2] AndroidManifest.xml:17:5-43
MERGED from [com.google.android.gms:play-services-iid:11.0.2] AndroidManifest.xml:17:5-43
MERGED from [com.google.android.gms:play-services-base:11.0.2] AndroidManifest.xml:17:5-43
MERGED from [com.google.android.gms:play-services-base:11.0.2] AndroidManifest.xml:17:5-43
MERGED from [com.google.android.gms:play-services-tasks:11.0.2] AndroidManifest.xml:3:5-43
MERGED from [com.google.android.gms:play-services-tasks:11.0.2] AndroidManifest.xml:3:5-43
MERGED from [com.google.android.gms:play-services-basement:11.0.2] AndroidManifest.xml:17:5-43
MERGED from [com.google.android.gms:play-services-basement:11.0.2] AndroidManifest.xml:17:5-43
MERGED from [com.android.support:support-v4:27.1.0] AndroidManifest.xml:20:5-44
MERGED from [com.android.support:support-v4:27.1.0] AndroidManifest.xml:20:5-44
MERGED from [com.android.support:appcompat-v7:27.1.0] AndroidManifest.xml:20:5-44
MERGED from [com.android.support:appcompat-v7:27.1.0] AndroidManifest.xml:20:5-44
MERGED from [com.android.support:recyclerview-v7:27.1.0] AndroidManifest.xml:20:5-44
MERGED from [com.android.support:recyclerview-v7:27.1.0] AndroidManifest.xml:20:5-44
MERGED from [com.android.support:transition:27.1.0] AndroidManifest.xml:20:5-44
MERGED from [com.android.support:transition:27.1.0] AndroidManifest.xml:20:5-44
MERGED from [net.zetetic:android-database-sqlcipher:3.5.7] AndroidManifest.xml:3:3-40
MERGED from [net.zetetic:android-database-sqlcipher:3.5.7] AndroidManifest.xml:3:3-40
MERGED from [com.android.support:support-fragment:27.1.0] AndroidManifest.xml:20:5-44
MERGED from [com.android.support:support-fragment:27.1.0] AndroidManifest.xml:20:5-44
MERGED from [com.android.support:animated-vector-drawable:27.1.0] AndroidManifest.xml:20:5-44
MERGED from [com.android.support:animated-vector-drawable:27.1.0] AndroidManifest.xml:20:5-44
MERGED from [com.android.support:support-core-ui:27.1.0] AndroidManifest.xml:20:5-44
MERGED from [com.android.support:support-core-ui:27.1.0] AndroidManifest.xml:20:5-44
MERGED from [com.android.support:support-core-utils:27.1.0] AndroidManifest.xml:20:5-44
MERGED from [com.android.support:support-core-utils:27.1.0] AndroidManifest.xml:20:5-44
MERGED from [com.android.support:support-vector-drawable:27.1.0] AndroidManifest.xml:20:5-44
MERGED from [com.android.support:support-vector-drawable:27.1.0] AndroidManifest.xml:20:5-44
MERGED from [com.android.support:customtabs:25.2.0] AndroidManifest.xml:20:5-44
MERGED from [com.android.support:customtabs:25.2.0] AndroidManifest.xml:20:5-44
MERGED from [com.android.support:support-media-compat:27.1.0] AndroidManifest.xml:20:5-44
MERGED from [com.android.support:support-media-compat:27.1.0] AndroidManifest.xml:20:5-44
MERGED from [com.android.support:support-compat:27.1.0] AndroidManifest.xml:20:5-44
MERGED from [com.android.support:support-compat:27.1.0] AndroidManifest.xml:20:5-44
MERGED from [android.arch.lifecycle:runtime:1.1.0] AndroidManifest.xml:20:5-44
MERGED from [android.arch.lifecycle:runtime:1.1.0] AndroidManifest.xml:20:5-44
MERGED from [android.arch.lifecycle:livedata-core:1.1.0] AndroidManifest.xml:20:5-44
MERGED from [android.arch.lifecycle:livedata-core:1.1.0] AndroidManifest.xml:20:5-44
MERGED from [android.arch.lifecycle:viewmodel:1.1.0] AndroidManifest.xml:20:5-44
MERGED from [android.arch.lifecycle:viewmodel:1.1.0] AndroidManifest.xml:20:5-44
MERGED from [android.arch.core:runtime:1.1.0] AndroidManifest.xml:20:5-44
MERGED from [android.arch.core:runtime:1.1.0] AndroidManifest.xml:20:5-44
	android:targetSdkVersion
		ADDED from Kone\app\AndroidManifest.xml:88:9-38
	android:minSdkVersion
		ADDED from Kone\app\AndroidManifest.xml:87:15-41
permission#com.kone.mobile.C2D_MESSAGE
ADDED from Kone\app\AndroidManifest.xml:95:5-96:47
	android:protectionLevel
		ADDED from Kone\app\AndroidManifest.xml:96:9-44
	android:name
		ADDED from Kone\app\AndroidManifest.xml:95:17-59
uses-permission#com.kone.mobile.C2D_MESSAGE
ADDED from Kone\app\AndroidManifest.xml:98:5-67
	android:name
		ADDED from Kone\app\AndroidManifest.xml:98:22-64
activity#com.salesforce.androidsdk.smartstore.ui.SmartStoreInspectorActivity
ADDED from [:libs:SmartStore] AndroidManifest.xml:14:9-17:67
	android:exported
		ADDED from [:libs:SmartStore] AndroidManifest.xml:16:13-37
	android:theme
		ADDED from [:libs:SmartStore] AndroidManifest.xml:17:13-64
	android:name
		ADDED from [:libs:SmartStore] AndroidManifest.xml:15:13-95
uses-permission#android.permission.AUTHENTICATE_ACCOUNTS
ADDED from [:libs:SalesforceSDK] AndroidManifest.xml:11:5-80
	android:name
		ADDED from [:libs:SalesforceSDK] AndroidManifest.xml:11:22-77
uses-permission#android.permission.GET_ACCOUNTS
ADDED from [:libs:SalesforceSDK] AndroidManifest.xml:12:5-71
	android:name
		ADDED from [:libs:SalesforceSDK] AndroidManifest.xml:12:22-68
uses-permission#android.permission.MANAGE_ACCOUNTS
ADDED from [:libs:SalesforceSDK] AndroidManifest.xml:13:5-74
	android:name
		ADDED from [:libs:SalesforceSDK] AndroidManifest.xml:13:22-71
uses-permission#android.permission.USE_CREDENTIALS
ADDED from [:libs:SalesforceSDK] AndroidManifest.xml:14:5-74
	android:name
		ADDED from [:libs:SalesforceSDK] AndroidManifest.xml:14:22-71
uses-permission#android.permission.WAKE_LOCK
ADDED from [:libs:SalesforceSDK] AndroidManifest.xml:15:5-68
	android:name
		ADDED from [:libs:SalesforceSDK] AndroidManifest.xml:15:22-65
uses-permission#com.google.android.c2dm.permission.RECEIVE
ADDED from [:libs:SalesforceSDK] AndroidManifest.xml:16:5-82
MERGED from [com.google.android.gms:play-services-gcm:11.0.2] AndroidManifest.xml:20:5-81
MERGED from [com.google.android.gms:play-services-gcm:11.0.2] AndroidManifest.xml:20:5-81
MERGED from [com.google.android.gms:play-services-iid:11.0.2] AndroidManifest.xml:20:5-81
MERGED from [com.google.android.gms:play-services-iid:11.0.2] AndroidManifest.xml:20:5-81
	android:name
		ADDED from [:libs:SalesforceSDK] AndroidManifest.xml:16:22-79
uses-permission-sdk-23#android.permission.USE_FINGERPRINT
ADDED from [:libs:SalesforceSDK] AndroidManifest.xml:19:5-81
	android:name
		ADDED from [:libs:SalesforceSDK] AndroidManifest.xml:19:29-78
meta-data#android.content.APP_RESTRICTIONS
ADDED from [:libs:SalesforceSDK] AndroidManifest.xml:24:9-26:56
	android:resource
		ADDED from [:libs:SalesforceSDK] AndroidManifest.xml:26:13-53
	android:name
		ADDED from [:libs:SalesforceSDK] AndroidManifest.xml:25:13-60
service#com.salesforce.androidsdk.auth.AuthenticatorService
ADDED from [:libs:SalesforceSDK] AndroidManifest.xml:29:9-39:19
	android:exported
		ADDED from [:libs:SalesforceSDK] AndroidManifest.xml:31:13-36
	android:name
		ADDED from [:libs:SalesforceSDK] AndroidManifest.xml:30:13-79
intent-filter#android.accounts.AccountAuthenticator
ADDED from [:libs:SalesforceSDK] AndroidManifest.xml:32:13-34:29
action#android.accounts.AccountAuthenticator
ADDED from [:libs:SalesforceSDK] AndroidManifest.xml:33:17-80
	android:name
		ADDED from [:libs:SalesforceSDK] AndroidManifest.xml:33:25-77
meta-data#android.accounts.AccountAuthenticator
ADDED from [:libs:SalesforceSDK] AndroidManifest.xml:36:13-38:57
	android:resource
		ADDED from [:libs:SalesforceSDK] AndroidManifest.xml:38:17-54
	android:name
		ADDED from [:libs:SalesforceSDK] AndroidManifest.xml:37:17-69
activity#com.salesforce.androidsdk.ui.LoginActivity
ADDED from [:libs:SalesforceSDK] AndroidManifest.xml:47:9-51:80
	android:layout_width
		ADDED from [:libs:SalesforceSDK] AndroidManifest.xml:49:13-47
	android:launchMode
		ADDED from [:libs:SalesforceSDK] AndroidManifest.xml:50:13-48
	android:theme
		ADDED from [:libs:SalesforceSDK] AndroidManifest.xml:51:13-77
	android:name
		ADDED from [:libs:SalesforceSDK] AndroidManifest.xml:48:13-70
activity#com.salesforce.androidsdk.ui.PasscodeActivity
ADDED from [:libs:SalesforceSDK] AndroidManifest.xml:54:9-57:67
	android:exported
		ADDED from [:libs:SalesforceSDK] AndroidManifest.xml:56:13-37
	android:theme
		ADDED from [:libs:SalesforceSDK] AndroidManifest.xml:57:13-64
	android:name
		ADDED from [:libs:SalesforceSDK] AndroidManifest.xml:55:13-73
activity#com.salesforce.androidsdk.ui.ManageSpaceActivity
ADDED from [:libs:SalesforceSDK] AndroidManifest.xml:60:9-63:67
	android:excludeFromRecents
		ADDED from [:libs:SalesforceSDK] AndroidManifest.xml:62:13-46
	android:theme
		ADDED from [:libs:SalesforceSDK] AndroidManifest.xml:63:13-64
	android:name
		ADDED from [:libs:SalesforceSDK] AndroidManifest.xml:61:13-76
activity#com.salesforce.androidsdk.ui.ServerPickerActivity
ADDED from [:libs:SalesforceSDK] AndroidManifest.xml:66:9-69:67
	android:excludeFromRecents
		ADDED from [:libs:SalesforceSDK] AndroidManifest.xml:68:13-46
	android:theme
		ADDED from [:libs:SalesforceSDK] AndroidManifest.xml:69:13-64
	android:name
		ADDED from [:libs:SalesforceSDK] AndroidManifest.xml:67:13-77
activity#com.salesforce.androidsdk.ui.AccountSwitcherActivity
ADDED from [:libs:SalesforceSDK] AndroidManifest.xml:72:9-75:67
	android:excludeFromRecents
		ADDED from [:libs:SalesforceSDK] AndroidManifest.xml:74:13-46
	android:theme
		ADDED from [:libs:SalesforceSDK] AndroidManifest.xml:75:13-64
	android:name
		ADDED from [:libs:SalesforceSDK] AndroidManifest.xml:73:13-80
activity#com.salesforce.androidsdk.auth.idp.IDPCodeGeneratorActivity
ADDED from [:libs:SalesforceSDK] AndroidManifest.xml:78:9-82:67
	android:excludeFromRecents
		ADDED from [:libs:SalesforceSDK] AndroidManifest.xml:80:13-46
	android:exported
		ADDED from [:libs:SalesforceSDK] AndroidManifest.xml:81:13-37
	android:theme
		ADDED from [:libs:SalesforceSDK] AndroidManifest.xml:82:13-64
	android:name
		ADDED from [:libs:SalesforceSDK] AndroidManifest.xml:79:13-87
activity#com.salesforce.androidsdk.ui.DevInfoActivity
ADDED from [:libs:SalesforceSDK] AndroidManifest.xml:85:9-88:67
	android:exported
		ADDED from [:libs:SalesforceSDK] AndroidManifest.xml:87:13-37
	android:theme
		ADDED from [:libs:SalesforceSDK] AndroidManifest.xml:88:13-64
	android:name
		ADDED from [:libs:SalesforceSDK] AndroidManifest.xml:86:13-72
receiver#com.salesforce.androidsdk.auth.idp.IDPInititatedLoginReceiver
ADDED from [:libs:SalesforceSDK] AndroidManifest.xml:91:9-99:20
	android:exported
		ADDED from [:libs:SalesforceSDK] AndroidManifest.xml:93:13-36
	android:name
		ADDED from [:libs:SalesforceSDK] AndroidManifest.xml:92:13-89
intent-filter#android.intent.category.DEFAULT+com.salesforce.IDP_LOGIN_REQUEST
ADDED from [:libs:SalesforceSDK] AndroidManifest.xml:94:13-98:29
action#com.salesforce.IDP_LOGIN_REQUEST
ADDED from [:libs:SalesforceSDK] AndroidManifest.xml:95:17-75
	android:name
		ADDED from [:libs:SalesforceSDK] AndroidManifest.xml:95:25-72
category#android.intent.category.DEFAULT
ADDED from [:libs:SalesforceSDK] AndroidManifest.xml:97:17-76
	android:name
		ADDED from [:libs:SalesforceSDK] AndroidManifest.xml:97:27-73
receiver#com.google.android.gms.gcm.GcmReceiver
ADDED from [:libs:SalesforceSDK] AndroidManifest.xml:106:9-115:20
	android:exported
		ADDED from [:libs:SalesforceSDK] AndroidManifest.xml:108:13-36
	android:permission
		ADDED from [:libs:SalesforceSDK] AndroidManifest.xml:109:13-73
	android:name
		ADDED from [:libs:SalesforceSDK] AndroidManifest.xml:107:13-66
intent-filter#${applicationId}+com.google.android.c2dm.intent.RECEIVE
ADDED from [:libs:SalesforceSDK] AndroidManifest.xml:110:13-114:29
intent-filter#com.google.android.c2dm.intent.RECEIVE+com.kone.mobile
ADDED from [:libs:SalesforceSDK] AndroidManifest.xml:110:13-114:29
action#com.google.android.c2dm.intent.RECEIVE
ADDED from [:libs:SalesforceSDK] AndroidManifest.xml:111:17-81
	android:name
		ADDED from [:libs:SalesforceSDK] AndroidManifest.xml:111:25-78
category#${applicationId}
ADDED from [:libs:SalesforceSDK] AndroidManifest.xml:113:17-61
	android:name
		ADDED from [:libs:SalesforceSDK] AndroidManifest.xml:113:27-58
category#com.kone.mobile
ADDED from [:libs:SalesforceSDK] AndroidManifest.xml:113:17-61
	android:name
		ADDED from [:libs:SalesforceSDK] AndroidManifest.xml:113:27-58
service#com.salesforce.androidsdk.push.SFDCGcmListenerService
ADDED from [:libs:SalesforceSDK] AndroidManifest.xml:117:9-123:19
	android:exported
		ADDED from [:libs:SalesforceSDK] AndroidManifest.xml:119:13-37
	android:name
		ADDED from [:libs:SalesforceSDK] AndroidManifest.xml:118:13-81
intent-filter#com.google.android.c2dm.intent.RECEIVE
ADDED from [:libs:SalesforceSDK] AndroidManifest.xml:120:13-122:29
service#com.salesforce.androidsdk.push.SFDCInstanceIDListenerService
ADDED from [:libs:SalesforceSDK] AndroidManifest.xml:124:9-130:19
	android:exported
		ADDED from [:libs:SalesforceSDK] AndroidManifest.xml:126:13-37
	android:name
		ADDED from [:libs:SalesforceSDK] AndroidManifest.xml:125:13-88
intent-filter#com.google.android.gms.iid.InstanceID
ADDED from [:libs:SalesforceSDK] AndroidManifest.xml:127:13-129:29
action#com.google.android.gms.iid.InstanceID
ADDED from [:libs:SalesforceSDK] AndroidManifest.xml:128:17-80
	android:name
		ADDED from [:libs:SalesforceSDK] AndroidManifest.xml:128:25-77
service#com.salesforce.androidsdk.push.SFDCRegistrationIntentService
ADDED from [:libs:SalesforceSDK] AndroidManifest.xml:131:9-134:19
	android:exported
		ADDED from [:libs:SalesforceSDK] AndroidManifest.xml:133:13-37
	android:name
		ADDED from [:libs:SalesforceSDK] AndroidManifest.xml:132:13-88
receiver#com.salesforce.androidsdk.push.PushService$SFDCRegistrationRetryAlarmReceiver
ADDED from [:libs:SalesforceSDK] AndroidManifest.xml:136:9-138:40
	android:exported
		ADDED from [:libs:SalesforceSDK] AndroidManifest.xml:138:13-37
	android:name
		ADDED from [:libs:SalesforceSDK] AndroidManifest.xml:137:13-105
service#com.salesforce.androidsdk.push.PushService
ADDED from [:libs:SalesforceSDK] AndroidManifest.xml:140:9-142:40
	android:exported
		ADDED from [:libs:SalesforceSDK] AndroidManifest.xml:142:13-37
	android:name
		ADDED from [:libs:SalesforceSDK] AndroidManifest.xml:141:13-70
service#com.salesforce.androidsdk.analytics.AnalyticsPublisherService
ADDED from [:libs:SalesforceSDK] AndroidManifest.xml:143:9-145:40
	android:exported
		ADDED from [:libs:SalesforceSDK] AndroidManifest.xml:145:13-37
	android:name
		ADDED from [:libs:SalesforceSDK] AndroidManifest.xml:144:13-89
uses-permission#android.permission.INTERNET
ADDED from [:libs:SalesforceAnalytics] AndroidManifest.xml:11:5-67
MERGED from [com.google.android.gms:play-services-gcm:11.0.2] AndroidManifest.xml:21:5-66
MERGED from [com.google.android.gms:play-services-gcm:11.0.2] AndroidManifest.xml:21:5-66
MERGED from [com.google.android.gms:play-services-iid:11.0.2] AndroidManifest.xml:21:5-66
MERGED from [com.google.android.gms:play-services-iid:11.0.2] AndroidManifest.xml:21:5-66
	android:name
		ADDED from [:libs:SalesforceAnalytics] AndroidManifest.xml:11:22-64
uses-permission#android.permission.ACCESS_NETWORK_STATE
ADDED from [:libs:SalesforceAnalytics] AndroidManifest.xml:12:5-79
	android:name
		ADDED from [:libs:SalesforceAnalytics] AndroidManifest.xml:12:22-76
activity#com.google.android.gms.common.api.GoogleApiActivity
ADDED from [com.google.android.gms:play-services-base:11.0.2] AndroidManifest.xml:19:9-172
	android:exported
		ADDED from [com.google.android.gms:play-services-base:11.0.2] AndroidManifest.xml:19:146-170
	android:theme
		ADDED from [com.google.android.gms:play-services-base:11.0.2] AndroidManifest.xml:19:86-145
	android:name
		ADDED from [com.google.android.gms:play-services-base:11.0.2] AndroidManifest.xml:19:19-85
meta-data#com.google.android.gms.version
ADDED from [com.google.android.gms:play-services-basement:11.0.2] AndroidManifest.xml:20:9-121
	android:value
		ADDED from [com.google.android.gms:play-services-basement:11.0.2] AndroidManifest.xml:20:66-119
	android:name
		ADDED from [com.google.android.gms:play-services-basement:11.0.2] AndroidManifest.xml:20:20-65